2014-10-22 20:56:59,071 - [INFO] - from play in pool-4-thread-5 
Listening for HTTP on /0:0:0:0:0:0:0:0:9000

2014-10-22 21:11:42,753 - [ERROR] - from application in New I/O worker #1 


! @6k1agfa69 - Internal server error, for (GET) [/test] ->

play.PlayExceptions$CompilationException: Compilation error[type mismatch;
 found   : String("/home/yury/Documents/RT - YouTube.pdf")
 required: java.io.File]
	at play.PlayExceptions$CompilationException$.apply(PlayExceptions.scala:27) ~[na:na]
	at play.PlayExceptions$CompilationException$.apply(PlayExceptions.scala:27) ~[na:na]
	at scala.Option.map(Option.scala:145) ~[scala-library-2.11.1.jar:na]
	at play.PlayReloader$$anon$1$$anonfun$play$PlayReloader$$anon$$taskFailureHandler$1.apply(PlayReloader.scala:234) ~[na:na]
	at play.PlayReloader$$anon$1$$anonfun$play$PlayReloader$$anon$$taskFailureHandler$1.apply(PlayReloader.scala:229) ~[na:na]
	at scala.Option.map(Option.scala:145) ~[scala-library-2.11.1.jar:na]
	at play.PlayReloader$$anon$1.play$PlayReloader$$anon$$taskFailureHandler(PlayReloader.scala:229) ~[na:na]
	at play.PlayReloader$$anon$1$$anonfun$reload$2.apply(PlayReloader.scala:89) ~[na:na]
	at play.PlayReloader$$anon$1$$anonfun$reload$2.apply(PlayReloader.scala:89) ~[na:na]
	at scala.util.Either$LeftProjection.map(Either.scala:377) ~[scala-library-2.11.1.jar:na]
	at play.PlayReloader$$anon$1.reload(PlayReloader.scala:89) ~[na:na]
	at play.core.ReloadableApplication$$anonfun$get$1.apply(ApplicationProvider.scala:122) ~[play_2.11-2.3.4.jar:2.3.4]
	at play.core.ReloadableApplication$$anonfun$get$1.apply(ApplicationProvider.scala:120) ~[play_2.11-2.3.4.jar:2.3.4]
	at scala.concurrent.impl.Future$PromiseCompletingRunnable.liftedTree1$1(Future.scala:24) ~[scala-library-2.11.1.jar:na]
	at scala.concurrent.impl.Future$PromiseCompletingRunnable.run(Future.scala:24) ~[scala-library-2.11.1.jar:na]
	at scala.concurrent.forkjoin.ForkJoinTask$AdaptedRunnableAction.exec(ForkJoinTask.java:1361) ~[scala-library-2.11.1.jar:na]
	at scala.concurrent.forkjoin.ForkJoinTask.doExec(ForkJoinTask.java:260) ~[scala-library-2.11.1.jar:na]
	at scala.concurrent.forkjoin.ForkJoinPool$WorkQueue.runTask(ForkJoinPool.java:1339) ~[scala-library-2.11.1.jar:na]
	at scala.concurrent.forkjoin.ForkJoinPool.runWorker(ForkJoinPool.java:1979) ~[scala-library-2.11.1.jar:na]
	at scala.concurrent.forkjoin.ForkJoinWorkerThread.run(ForkJoinWorkerThread.java:107) ~[scala-library-2.11.1.jar:na]

2014-10-22 21:11:42,869 - [WARN] - from play in New I/O worker #1 
No application found at invoker init

2014-10-22 21:14:53,857 - [ERROR] - from application in New I/O worker #2 


! @6k1ah070k - Internal server error, for (GET) [/test] ->

play.PlayExceptions$CompilationException: Compilation error[Cannot write an instance of scala.io.BufferedSource to HTTP response. Try to define a Writeable[scala.io.BufferedSource]]
	at play.PlayExceptions$CompilationException$.apply(PlayExceptions.scala:27) ~[na:na]
	at play.PlayExceptions$CompilationException$.apply(PlayExceptions.scala:27) ~[na:na]
	at scala.Option.map(Option.scala:145) ~[scala-library-2.11.1.jar:na]
	at play.PlayReloader$$anon$1$$anonfun$play$PlayReloader$$anon$$taskFailureHandler$1.apply(PlayReloader.scala:234) ~[na:na]
	at play.PlayReloader$$anon$1$$anonfun$play$PlayReloader$$anon$$taskFailureHandler$1.apply(PlayReloader.scala:229) ~[na:na]
	at scala.Option.map(Option.scala:145) ~[scala-library-2.11.1.jar:na]
	at play.PlayReloader$$anon$1.play$PlayReloader$$anon$$taskFailureHandler(PlayReloader.scala:229) ~[na:na]
	at play.PlayReloader$$anon$1$$anonfun$reload$2.apply(PlayReloader.scala:89) ~[na:na]
	at play.PlayReloader$$anon$1$$anonfun$reload$2.apply(PlayReloader.scala:89) ~[na:na]
	at scala.util.Either$LeftProjection.map(Either.scala:377) ~[scala-library-2.11.1.jar:na]
	at play.PlayReloader$$anon$1.reload(PlayReloader.scala:89) ~[na:na]
	at play.core.ReloadableApplication$$anonfun$get$1.apply(ApplicationProvider.scala:122) ~[play_2.11-2.3.4.jar:2.3.4]
	at play.core.ReloadableApplication$$anonfun$get$1.apply(ApplicationProvider.scala:120) ~[play_2.11-2.3.4.jar:2.3.4]
	at scala.concurrent.impl.Future$PromiseCompletingRunnable.liftedTree1$1(Future.scala:24) ~[scala-library-2.11.1.jar:na]
	at scala.concurrent.impl.Future$PromiseCompletingRunnable.run(Future.scala:24) ~[scala-library-2.11.1.jar:na]
	at scala.concurrent.forkjoin.ForkJoinTask$AdaptedRunnableAction.exec(ForkJoinTask.java:1361) ~[scala-library-2.11.1.jar:na]
	at scala.concurrent.forkjoin.ForkJoinTask.doExec(ForkJoinTask.java:260) ~[scala-library-2.11.1.jar:na]
	at scala.concurrent.forkjoin.ForkJoinPool$WorkQueue.runTask(ForkJoinPool.java:1339) ~[scala-library-2.11.1.jar:na]
	at scala.concurrent.forkjoin.ForkJoinPool.runWorker(ForkJoinPool.java:1979) ~[scala-library-2.11.1.jar:na]
	at scala.concurrent.forkjoin.ForkJoinWorkerThread.run(ForkJoinWorkerThread.java:107) ~[scala-library-2.11.1.jar:na]

2014-10-22 21:15:52,768 - [INFO] - from play in play-internal-execution-context-1 
Application started (Dev)

2014-10-22 21:16:50,054 - [INFO] - from play in play-internal-execution-context-1 
Application started (Dev)

2014-10-22 21:16:50,089 - [ERROR] - from application in play-akka.actor.default-dispatcher-5 


! @6k1ah6mp6 - Internal server error, for (GET) [/test] ->

play.api.Application$$anon$1: Execution exception[[MalformedInputException: Input length = 1]]
	at play.api.Application$class.handleError(Application.scala:296) ~[play_2.11-2.3.4.jar:2.3.4]
	at play.api.DefaultApplication.handleError(Application.scala:402) [play_2.11-2.3.4.jar:2.3.4]
	at play.core.server.netty.PlayDefaultUpstreamHandler$$anonfun$14$$anonfun$apply$1.applyOrElse(PlayDefaultUpstreamHandler.scala:205) [play_2.11-2.3.4.jar:2.3.4]
	at play.core.server.netty.PlayDefaultUpstreamHandler$$anonfun$14$$anonfun$apply$1.applyOrElse(PlayDefaultUpstreamHandler.scala:202) [play_2.11-2.3.4.jar:2.3.4]
	at scala.runtime.AbstractPartialFunction.apply(AbstractPartialFunction.scala:36) [scala-library-2.11.1.jar:na]
	at scala.util.Failure$$anonfun$recover$1.apply(Try.scala:215) [scala-library-2.11.1.jar:na]
	at scala.util.Try$.apply(Try.scala:191) [scala-library-2.11.1.jar:na]
	at scala.util.Failure.recover(Try.scala:215) [scala-library-2.11.1.jar:na]
	at scala.concurrent.Future$$anonfun$recover$1.apply(Future.scala:324) [scala-library-2.11.1.jar:na]
	at scala.concurrent.Future$$anonfun$recover$1.apply(Future.scala:324) [scala-library-2.11.1.jar:na]
	at scala.concurrent.impl.CallbackRunnable.run(Promise.scala:32) [scala-library-2.11.1.jar:na]
	at play.api.libs.iteratee.Execution$trampoline$.execute(Execution.scala:46) [play-iteratees_2.11-2.3.4.jar:2.3.4]
	at scala.concurrent.impl.CallbackRunnable.executeWithValue(Promise.scala:40) [scala-library-2.11.1.jar:na]
	at scala.concurrent.impl.Promise$DefaultPromise.tryComplete(Promise.scala:248) [scala-library-2.11.1.jar:na]
	at scala.concurrent.Promise$class.complete(Promise.scala:55) [scala-library-2.11.1.jar:na]
	at scala.concurrent.impl.Promise$DefaultPromise.complete(Promise.scala:153) [scala-library-2.11.1.jar:na]
	at scala.concurrent.impl.Future$PromiseCompletingRunnable.run(Future.scala:23) [scala-library-2.11.1.jar:na]
	at akka.dispatch.TaskInvocation.run(AbstractDispatcher.scala:41) [akka-actor_2.11-2.3.4.jar:na]
	at akka.dispatch.ForkJoinExecutorConfigurator$AkkaForkJoinTask.exec(AbstractDispatcher.scala:393) [akka-actor_2.11-2.3.4.jar:na]
	at scala.concurrent.forkjoin.ForkJoinTask.doExec(ForkJoinTask.java:260) [scala-library-2.11.1.jar:na]
	at scala.concurrent.forkjoin.ForkJoinPool$WorkQueue.runTask(ForkJoinPool.java:1339) [scala-library-2.11.1.jar:na]
	at scala.concurrent.forkjoin.ForkJoinPool.runWorker(ForkJoinPool.java:1979) [scala-library-2.11.1.jar:na]
	at scala.concurrent.forkjoin.ForkJoinWorkerThread.run(ForkJoinWorkerThread.java:107) [scala-library-2.11.1.jar:na]
Caused by: java.nio.charset.MalformedInputException: Input length = 1
	at java.nio.charset.CoderResult.throwException(CoderResult.java:277) ~[na:1.7.0_67]
	at sun.nio.cs.StreamDecoder.implRead(StreamDecoder.java:338) ~[na:1.7.0_67]
	at sun.nio.cs.StreamDecoder.read(StreamDecoder.java:177) ~[na:1.7.0_67]
	at java.io.InputStreamReader.read(InputStreamReader.java:184) ~[na:1.7.0_67]
	at java.io.BufferedReader.read1(BufferedReader.java:203) ~[na:1.7.0_67]
	at java.io.BufferedReader.read(BufferedReader.java:279) ~[na:1.7.0_67]
	at java.io.Reader.read(Reader.java:140) ~[na:1.7.0_67]
	at scala.io.BufferedSource.mkString(BufferedSource.scala:96) ~[scala-library-2.11.1.jar:na]
	at controllers.Application$$anonfun$getPdf$1.apply(Application.scala:68) ~[na:na]
	at controllers.Application$$anonfun$getPdf$1.apply(Application.scala:68) ~[na:na]
	at play.api.mvc.ActionBuilder$$anonfun$apply$17.apply(Action.scala:464) ~[play_2.11-2.3.4.jar:2.3.4]
	at play.api.mvc.ActionBuilder$$anonfun$apply$17.apply(Action.scala:464) ~[play_2.11-2.3.4.jar:2.3.4]
	at play.api.mvc.ActionBuilder$$anonfun$apply$16.apply(Action.scala:433) ~[play_2.11-2.3.4.jar:2.3.4]
	at play.api.mvc.ActionBuilder$$anonfun$apply$16.apply(Action.scala:432) ~[play_2.11-2.3.4.jar:2.3.4]
	at play.api.mvc.Action$.invokeBlock(Action.scala:556) ~[play_2.11-2.3.4.jar:2.3.4]
	at play.api.mvc.Action$.invokeBlock(Action.scala:555) ~[play_2.11-2.3.4.jar:2.3.4]
	at play.api.mvc.ActionBuilder$$anon$1.apply(Action.scala:518) ~[play_2.11-2.3.4.jar:2.3.4]
	at play.api.mvc.Action$$anonfun$apply$1$$anonfun$apply$4$$anonfun$apply$5.apply(Action.scala:130) ~[play_2.11-2.3.4.jar:2.3.4]
	at play.api.mvc.Action$$anonfun$apply$1$$anonfun$apply$4$$anonfun$apply$5.apply(Action.scala:130) ~[play_2.11-2.3.4.jar:2.3.4]
	at play.utils.Threads$.withContextClassLoader(Threads.scala:21) ~[play_2.11-2.3.4.jar:2.3.4]
	at play.api.mvc.Action$$anonfun$apply$1$$anonfun$apply$4.apply(Action.scala:129) ~[play_2.11-2.3.4.jar:2.3.4]
	at play.api.mvc.Action$$anonfun$apply$1$$anonfun$apply$4.apply(Action.scala:128) ~[play_2.11-2.3.4.jar:2.3.4]
	at scala.Option.map(Option.scala:145) ~[scala-library-2.11.1.jar:na]
	at play.api.mvc.Action$$anonfun$apply$1.apply(Action.scala:128) ~[play_2.11-2.3.4.jar:2.3.4]
	at play.api.mvc.Action$$anonfun$apply$1.apply(Action.scala:121) ~[play_2.11-2.3.4.jar:2.3.4]
	at play.api.libs.iteratee.DoneIteratee$$anonfun$mapM$2.apply(Iteratee.scala:705) ~[play-iteratees_2.11-2.3.4.jar:2.3.4]
	at play.api.libs.iteratee.DoneIteratee$$anonfun$mapM$2.apply(Iteratee.scala:705) ~[play-iteratees_2.11-2.3.4.jar:2.3.4]
	at scala.concurrent.impl.Future$PromiseCompletingRunnable.liftedTree1$1(Future.scala:24) [scala-library-2.11.1.jar:na]
	at scala.concurrent.impl.Future$PromiseCompletingRunnable.run(Future.scala:24) [scala-library-2.11.1.jar:na]
	... 6 common frames omitted

2014-10-22 21:18:07,460 - [INFO] - from play in play-internal-execution-context-1 
Application started (Dev)

2014-10-22 21:20:39,789 - [INFO] - from play in play-internal-execution-context-1 
Application started (Dev)

2014-10-22 21:23:24,726 - [INFO] - from play in play-internal-execution-context-1 
Application started (Dev)

2014-10-22 21:39:00,166 - [ERROR] - from application in New I/O worker #9 


! @6k1ak4ee1 - Internal server error, for (GET) [/] ->

play.api.Configuration$$anon$1: Configuration error[/home/yury/Play/data-analytics/conf/application.conf: 63: Could not resolve substitution to a value: ${play.path}]
	at play.api.Configuration$.play$api$Configuration$$configError(Configuration.scala:94) ~[play_2.11-2.3.4.jar:2.3.4]
	at play.api.Configuration$.loadDev(Configuration.scala:35) ~[play_2.11-2.3.4.jar:2.3.4]
	at play.api.Configuration$.load(Configuration.scala:64) ~[play_2.11-2.3.4.jar:2.3.4]
	at play.api.WithDefaultConfiguration$$anonfun$initialConfiguration$1.apply(Application.scala:76) ~[play_2.11-2.3.4.jar:2.3.4]
	at play.api.WithDefaultConfiguration$$anonfun$initialConfiguration$1.apply(Application.scala:76) ~[play_2.11-2.3.4.jar:2.3.4]
	at play.utils.Threads$.withContextClassLoader(Threads.scala:21) ~[play_2.11-2.3.4.jar:2.3.4]
	at play.api.WithDefaultConfiguration$class.initialConfiguration(Application.scala:75) ~[play_2.11-2.3.4.jar:2.3.4]
	at play.api.DefaultApplication.initialConfiguration$lzycompute(Application.scala:402) ~[play_2.11-2.3.4.jar:2.3.4]
	at play.api.DefaultApplication.initialConfiguration(Application.scala:402) ~[play_2.11-2.3.4.jar:2.3.4]
	at play.api.WithDefaultGlobal$class.play$api$WithDefaultGlobal$$globalClass(Application.scala:25) ~[play_2.11-2.3.4.jar:2.3.4]
	at play.api.DefaultApplication.play$api$WithDefaultGlobal$$globalClass$lzycompute(Application.scala:402) ~[play_2.11-2.3.4.jar:2.3.4]
	at play.api.DefaultApplication.play$api$WithDefaultGlobal$$globalClass(Application.scala:402) ~[play_2.11-2.3.4.jar:2.3.4]
	at play.api.WithDefaultGlobal$class.play$api$WithDefaultGlobal$$javaGlobal(Application.scala:31) ~[play_2.11-2.3.4.jar:2.3.4]
	at play.api.DefaultApplication.play$api$WithDefaultGlobal$$javaGlobal$lzycompute(Application.scala:402) ~[play_2.11-2.3.4.jar:2.3.4]
	at play.api.DefaultApplication.play$api$WithDefaultGlobal$$javaGlobal(Application.scala:402) ~[play_2.11-2.3.4.jar:2.3.4]
	at play.api.WithDefaultGlobal$$anonfun$play$api$WithDefaultGlobal$$globalInstance$1.apply(Application.scala:54) ~[play_2.11-2.3.4.jar:2.3.4]
	at play.api.WithDefaultGlobal$$anonfun$play$api$WithDefaultGlobal$$globalInstance$1.apply(Application.scala:53) ~[play_2.11-2.3.4.jar:2.3.4]
	at play.utils.Threads$.withContextClassLoader(Threads.scala:21) ~[play_2.11-2.3.4.jar:2.3.4]
	at play.api.WithDefaultGlobal$class.play$api$WithDefaultGlobal$$globalInstance(Application.scala:52) ~[play_2.11-2.3.4.jar:2.3.4]
	at play.api.DefaultApplication.play$api$WithDefaultGlobal$$globalInstance$lzycompute(Application.scala:402) ~[play_2.11-2.3.4.jar:2.3.4]
	at play.api.DefaultApplication.play$api$WithDefaultGlobal$$globalInstance(Application.scala:402) ~[play_2.11-2.3.4.jar:2.3.4]
	at play.api.WithDefaultGlobal$class.global(Application.scala:68) ~[play_2.11-2.3.4.jar:2.3.4]
	at play.api.DefaultApplication.global(Application.scala:402) ~[play_2.11-2.3.4.jar:2.3.4]
	at play.api.WithDefaultConfiguration$class.play$api$WithDefaultConfiguration$$fullConfiguration(Application.scala:82) ~[play_2.11-2.3.4.jar:2.3.4]
	at play.api.DefaultApplication.play$api$WithDefaultConfiguration$$fullConfiguration$lzycompute(Application.scala:402) ~[play_2.11-2.3.4.jar:2.3.4]
	at play.api.DefaultApplication.play$api$WithDefaultConfiguration$$fullConfiguration(Application.scala:402) ~[play_2.11-2.3.4.jar:2.3.4]
	at play.api.WithDefaultConfiguration$class.configuration(Application.scala:84) ~[play_2.11-2.3.4.jar:2.3.4]
	at play.api.DefaultApplication.configuration(Application.scala:402) ~[play_2.11-2.3.4.jar:2.3.4]
	at play.api.Application$class.$init$(Application.scala:274) ~[play_2.11-2.3.4.jar:2.3.4]
	at play.api.DefaultApplication.<init>(Application.scala:406) ~[play_2.11-2.3.4.jar:2.3.4]
	at play.core.ReloadableApplication$$anonfun$get$1$$anonfun$apply$1$$anonfun$1$$anon$1.<init>(ApplicationProvider.scala:144) ~[play_2.11-2.3.4.jar:2.3.4]
	at play.core.ReloadableApplication$$anonfun$get$1$$anonfun$apply$1$$anonfun$1.apply(ApplicationProvider.scala:144) ~[play_2.11-2.3.4.jar:2.3.4]
	at play.core.ReloadableApplication$$anonfun$get$1$$anonfun$apply$1$$anonfun$1.apply(ApplicationProvider.scala:130) ~[play_2.11-2.3.4.jar:2.3.4]
	at scala.Option.map(Option.scala:145) ~[scala-library-2.11.1.jar:na]
	at play.core.ReloadableApplication$$anonfun$get$1$$anonfun$apply$1.apply(ApplicationProvider.scala:130) ~[play_2.11-2.3.4.jar:2.3.4]
	at play.core.ReloadableApplication$$anonfun$get$1$$anonfun$apply$1.apply(ApplicationProvider.scala:128) ~[play_2.11-2.3.4.jar:2.3.4]
	at scala.util.Success.flatMap(Try.scala:230) ~[scala-library-2.11.1.jar:na]
	at play.core.ReloadableApplication$$anonfun$get$1.apply(ApplicationProvider.scala:128) ~[play_2.11-2.3.4.jar:2.3.4]
	at play.core.ReloadableApplication$$anonfun$get$1.apply(ApplicationProvider.scala:120) ~[play_2.11-2.3.4.jar:2.3.4]
	at scala.concurrent.impl.Future$PromiseCompletingRunnable.liftedTree1$1(Future.scala:24) ~[scala-library-2.11.1.jar:na]
	at scala.concurrent.impl.Future$PromiseCompletingRunnable.run(Future.scala:24) ~[scala-library-2.11.1.jar:na]
	at scala.concurrent.forkjoin.ForkJoinTask$AdaptedRunnableAction.exec(ForkJoinTask.java:1361) ~[scala-library-2.11.1.jar:na]
	at scala.concurrent.forkjoin.ForkJoinTask.doExec(ForkJoinTask.java:260) ~[scala-library-2.11.1.jar:na]
	at scala.concurrent.forkjoin.ForkJoinPool$WorkQueue.runTask(ForkJoinPool.java:1339) ~[scala-library-2.11.1.jar:na]
	at scala.concurrent.forkjoin.ForkJoinPool.runWorker(ForkJoinPool.java:1979) ~[scala-library-2.11.1.jar:na]
	at scala.concurrent.forkjoin.ForkJoinWorkerThread.run(ForkJoinWorkerThread.java:107) ~[scala-library-2.11.1.jar:na]
Caused by: com.typesafe.config.ConfigException$UnresolvedSubstitution: /home/yury/Play/data-analytics/conf/application.conf: 63: Could not resolve substitution to a value: ${play.path}
	at com.typesafe.config.impl.ConfigReference.resolveSubstitutions(ConfigReference.java:87) ~[config-1.2.1.jar:na]
	at com.typesafe.config.impl.ResolveSource.resolveCheckingReplacement(ResolveSource.java:110) ~[config-1.2.1.jar:na]
	at com.typesafe.config.impl.ResolveContext.resolve(ResolveContext.java:114) ~[config-1.2.1.jar:na]
	at com.typesafe.config.impl.ConfigConcatenation.resolveSubstitutions(ConfigConcatenation.java:178) ~[config-1.2.1.jar:na]
	at com.typesafe.config.impl.ResolveSource.resolveCheckingReplacement(ResolveSource.java:110) ~[config-1.2.1.jar:na]
	at com.typesafe.config.impl.ResolveContext.resolve(ResolveContext.java:114) ~[config-1.2.1.jar:na]
	at com.typesafe.config.impl.SimpleConfigObject$1.modifyChildMayThrow(SimpleConfigObject.java:341) ~[config-1.2.1.jar:na]
	at com.typesafe.config.impl.SimpleConfigObject.modifyMayThrow(SimpleConfigObject.java:280) ~[config-1.2.1.jar:na]
	at com.typesafe.config.impl.SimpleConfigObject.resolveSubstitutions(SimpleConfigObject.java:321) ~[config-1.2.1.jar:na]
	at com.typesafe.config.impl.SimpleConfigObject.resolveSubstitutions(SimpleConfigObject.java:25) ~[config-1.2.1.jar:na]
	at com.typesafe.config.impl.ResolveSource.resolveCheckingReplacement(ResolveSource.java:110) ~[config-1.2.1.jar:na]
	at com.typesafe.config.impl.ResolveContext.resolve(ResolveContext.java:114) ~[config-1.2.1.jar:na]
	at com.typesafe.config.impl.SimpleConfigObject$1.modifyChildMayThrow(SimpleConfigObject.java:341) ~[config-1.2.1.jar:na]
	at com.typesafe.config.impl.SimpleConfigObject.modifyMayThrow(SimpleConfigObject.java:280) ~[config-1.2.1.jar:na]
	at com.typesafe.config.impl.SimpleConfigObject.resolveSubstitutions(SimpleConfigObject.java:321) ~[config-1.2.1.jar:na]
	at com.typesafe.config.impl.SimpleConfigObject.resolveSubstitutions(SimpleConfigObject.java:25) ~[config-1.2.1.jar:na]
	at com.typesafe.config.impl.ResolveSource.resolveCheckingReplacement(ResolveSource.java:110) ~[config-1.2.1.jar:na]
	at com.typesafe.config.impl.ResolveContext.resolve(ResolveContext.java:114) ~[config-1.2.1.jar:na]
	at com.typesafe.config.impl.ResolveContext.resolve(ResolveContext.java:149) ~[config-1.2.1.jar:na]
	at com.typesafe.config.impl.SimpleConfig.resolveWith(SimpleConfig.java:70) ~[config-1.2.1.jar:na]
	at com.typesafe.config.impl.SimpleConfig.resolve(SimpleConfig.java:60) ~[config-1.2.1.jar:na]
	at com.typesafe.config.impl.SimpleConfig.resolve(SimpleConfig.java:33) ~[config-1.2.1.jar:na]
	at com.typesafe.config.ConfigFactory.load(ConfigFactory.java:202) ~[config-1.2.1.jar:na]
	at com.typesafe.config.ConfigFactory.load(ConfigFactory.java:171) ~[config-1.2.1.jar:na]
	at com.typesafe.config.ConfigFactory.load(ConfigFactory.java:167) ~[config-1.2.1.jar:na]
	at play.api.Configuration$.loadDev(Configuration.scala:43) ~[play_2.11-2.3.4.jar:2.3.4]
	... 44 common frames omitted

2014-10-22 21:39:42,230 - [INFO] - from play in play-internal-execution-context-1 
Application started (Dev)

2014-10-22 21:40:01,842 - [ERROR] - from application in play-akka.actor.default-dispatcher-16 


! @6k1ak81k5 - Internal server error, for (GET) [/test] ->

play.api.Application$$anon$1: Execution exception[[FileNotFoundException: /home/yury/Dcuments/RT - YouTube.pdf (No such file or directory)]]
	at play.api.Application$class.handleError(Application.scala:296) ~[play_2.11-2.3.4.jar:2.3.4]
	at play.api.DefaultApplication.handleError(Application.scala:402) [play_2.11-2.3.4.jar:2.3.4]
	at play.core.server.netty.PlayDefaultUpstreamHandler$$anonfun$14$$anonfun$apply$1.applyOrElse(PlayDefaultUpstreamHandler.scala:205) [play_2.11-2.3.4.jar:2.3.4]
	at play.core.server.netty.PlayDefaultUpstreamHandler$$anonfun$14$$anonfun$apply$1.applyOrElse(PlayDefaultUpstreamHandler.scala:202) [play_2.11-2.3.4.jar:2.3.4]
	at scala.runtime.AbstractPartialFunction.apply(AbstractPartialFunction.scala:36) [scala-library-2.11.1.jar:na]
	at scala.util.Failure$$anonfun$recover$1.apply(Try.scala:215) [scala-library-2.11.1.jar:na]
	at scala.util.Try$.apply(Try.scala:191) [scala-library-2.11.1.jar:na]
	at scala.util.Failure.recover(Try.scala:215) [scala-library-2.11.1.jar:na]
	at scala.concurrent.Future$$anonfun$recover$1.apply(Future.scala:324) [scala-library-2.11.1.jar:na]
	at scala.concurrent.Future$$anonfun$recover$1.apply(Future.scala:324) [scala-library-2.11.1.jar:na]
	at scala.concurrent.impl.CallbackRunnable.run(Promise.scala:32) [scala-library-2.11.1.jar:na]
	at play.api.libs.iteratee.Execution$trampoline$.execute(Execution.scala:46) [play-iteratees_2.11-2.3.4.jar:2.3.4]
	at scala.concurrent.impl.CallbackRunnable.executeWithValue(Promise.scala:40) [scala-library-2.11.1.jar:na]
	at scala.concurrent.impl.Promise$DefaultPromise.tryComplete(Promise.scala:248) [scala-library-2.11.1.jar:na]
	at scala.concurrent.Promise$class.complete(Promise.scala:55) [scala-library-2.11.1.jar:na]
	at scala.concurrent.impl.Promise$DefaultPromise.complete(Promise.scala:153) [scala-library-2.11.1.jar:na]
	at scala.concurrent.impl.Future$PromiseCompletingRunnable.run(Future.scala:23) [scala-library-2.11.1.jar:na]
	at akka.dispatch.TaskInvocation.run(AbstractDispatcher.scala:41) [akka-actor_2.11-2.3.4.jar:na]
	at akka.dispatch.ForkJoinExecutorConfigurator$AkkaForkJoinTask.exec(AbstractDispatcher.scala:393) [akka-actor_2.11-2.3.4.jar:na]
	at scala.concurrent.forkjoin.ForkJoinTask.doExec(ForkJoinTask.java:260) [scala-library-2.11.1.jar:na]
	at scala.concurrent.forkjoin.ForkJoinPool$WorkQueue.runTask(ForkJoinPool.java:1339) [scala-library-2.11.1.jar:na]
	at scala.concurrent.forkjoin.ForkJoinPool.runWorker(ForkJoinPool.java:1979) [scala-library-2.11.1.jar:na]
	at scala.concurrent.forkjoin.ForkJoinWorkerThread.run(ForkJoinWorkerThread.java:107) [scala-library-2.11.1.jar:na]
Caused by: java.io.FileNotFoundException: /home/yury/Dcuments/RT - YouTube.pdf (No such file or directory)
	at java.io.FileInputStream.open(Native Method) ~[na:1.7.0_67]
	at java.io.FileInputStream.<init>(FileInputStream.java:146) ~[na:1.7.0_67]
	at play.api.libs.iteratee.Enumerator$.fromFile(Enumerator.scala:582) ~[play-iteratees_2.11-2.3.4.jar:2.3.4]
	at play.api.mvc.Results$Status.sendFile(Results.scala:378) ~[play_2.11-2.3.4.jar:2.3.4]
	at controllers.Application$$anonfun$getPdf$1.apply(Application.scala:70) ~[na:na]
	at controllers.Application$$anonfun$getPdf$1.apply(Application.scala:70) ~[na:na]
	at play.api.mvc.ActionBuilder$$anonfun$apply$17.apply(Action.scala:464) ~[play_2.11-2.3.4.jar:2.3.4]
	at play.api.mvc.ActionBuilder$$anonfun$apply$17.apply(Action.scala:464) ~[play_2.11-2.3.4.jar:2.3.4]
	at play.api.mvc.ActionBuilder$$anonfun$apply$16.apply(Action.scala:433) ~[play_2.11-2.3.4.jar:2.3.4]
	at play.api.mvc.ActionBuilder$$anonfun$apply$16.apply(Action.scala:432) ~[play_2.11-2.3.4.jar:2.3.4]
	at play.api.mvc.Action$.invokeBlock(Action.scala:556) ~[play_2.11-2.3.4.jar:2.3.4]
	at play.api.mvc.Action$.invokeBlock(Action.scala:555) ~[play_2.11-2.3.4.jar:2.3.4]
	at play.api.mvc.ActionBuilder$$anon$1.apply(Action.scala:518) ~[play_2.11-2.3.4.jar:2.3.4]
	at play.api.mvc.Action$$anonfun$apply$1$$anonfun$apply$4$$anonfun$apply$5.apply(Action.scala:130) ~[play_2.11-2.3.4.jar:2.3.4]
	at play.api.mvc.Action$$anonfun$apply$1$$anonfun$apply$4$$anonfun$apply$5.apply(Action.scala:130) ~[play_2.11-2.3.4.jar:2.3.4]
	at play.utils.Threads$.withContextClassLoader(Threads.scala:21) ~[play_2.11-2.3.4.jar:2.3.4]
	at play.api.mvc.Action$$anonfun$apply$1$$anonfun$apply$4.apply(Action.scala:129) ~[play_2.11-2.3.4.jar:2.3.4]
	at play.api.mvc.Action$$anonfun$apply$1$$anonfun$apply$4.apply(Action.scala:128) ~[play_2.11-2.3.4.jar:2.3.4]
	at scala.Option.map(Option.scala:145) ~[scala-library-2.11.1.jar:na]
	at play.api.mvc.Action$$anonfun$apply$1.apply(Action.scala:128) ~[play_2.11-2.3.4.jar:2.3.4]
	at play.api.mvc.Action$$anonfun$apply$1.apply(Action.scala:121) ~[play_2.11-2.3.4.jar:2.3.4]
	at play.api.libs.iteratee.DoneIteratee$$anonfun$mapM$2.apply(Iteratee.scala:705) ~[play-iteratees_2.11-2.3.4.jar:2.3.4]
	at play.api.libs.iteratee.DoneIteratee$$anonfun$mapM$2.apply(Iteratee.scala:705) ~[play-iteratees_2.11-2.3.4.jar:2.3.4]
	at scala.concurrent.impl.Future$PromiseCompletingRunnable.liftedTree1$1(Future.scala:24) [scala-library-2.11.1.jar:na]
	at scala.concurrent.impl.Future$PromiseCompletingRunnable.run(Future.scala:24) [scala-library-2.11.1.jar:na]
	... 6 common frames omitted

2014-10-22 21:40:31,118 - [INFO] - from play in play-internal-execution-context-1 
Application started (Dev)

2014-10-22 21:42:04,779 - [INFO] - from play in play-internal-execution-context-2 
Application started (Dev)

2014-10-22 21:43:53,275 - [INFO] - from play in play-internal-execution-context-3 
Application started (Dev)

2014-10-22 21:52:34,112 - [INFO] - from play in play-internal-execution-context-4 
Application started (Dev)

2014-10-22 21:53:53,808 - [INFO] - from play in play-internal-execution-context-4 
Application started (Dev)

2014-10-22 21:57:11,299 - [INFO] - from play in play-internal-execution-context-4 
Application started (Dev)

2014-10-22 22:03:00,040 - [INFO] - from play in play-internal-execution-context-5 
Application started (Dev)

2014-10-22 22:10:13,483 - [ERROR] - from application in New I/O worker #22 


! @6k1ao73ih - Internal server error, for (GET) [/] ->

play.PlayExceptions$CompilationException: Compilation error[Cannot find an implicit ExecutionContext. You might pass
an (implicit ec: ExecutionContext) parameter to your method
or import scala.concurrent.ExecutionContext.Implicits.global.]
	at play.PlayExceptions$CompilationException$.apply(PlayExceptions.scala:27) ~[na:na]
	at play.PlayExceptions$CompilationException$.apply(PlayExceptions.scala:27) ~[na:na]
	at scala.Option.map(Option.scala:145) ~[scala-library-2.11.1.jar:na]
	at play.PlayReloader$$anon$1$$anonfun$play$PlayReloader$$anon$$taskFailureHandler$1.apply(PlayReloader.scala:234) ~[na:na]
	at play.PlayReloader$$anon$1$$anonfun$play$PlayReloader$$anon$$taskFailureHandler$1.apply(PlayReloader.scala:229) ~[na:na]
	at scala.Option.map(Option.scala:145) ~[scala-library-2.11.1.jar:na]
	at play.PlayReloader$$anon$1.play$PlayReloader$$anon$$taskFailureHandler(PlayReloader.scala:229) ~[na:na]
	at play.PlayReloader$$anon$1$$anonfun$reload$2.apply(PlayReloader.scala:89) ~[na:na]
	at play.PlayReloader$$anon$1$$anonfun$reload$2.apply(PlayReloader.scala:89) ~[na:na]
	at scala.util.Either$LeftProjection.map(Either.scala:377) ~[scala-library-2.11.1.jar:na]
	at play.PlayReloader$$anon$1.reload(PlayReloader.scala:89) ~[na:na]
	at play.core.ReloadableApplication$$anonfun$get$1.apply(ApplicationProvider.scala:122) ~[play_2.11-2.3.4.jar:2.3.4]
	at play.core.ReloadableApplication$$anonfun$get$1.apply(ApplicationProvider.scala:120) ~[play_2.11-2.3.4.jar:2.3.4]
	at scala.concurrent.impl.Future$PromiseCompletingRunnable.liftedTree1$1(Future.scala:24) ~[scala-library-2.11.1.jar:na]
	at scala.concurrent.impl.Future$PromiseCompletingRunnable.run(Future.scala:24) ~[scala-library-2.11.1.jar:na]
	at scala.concurrent.forkjoin.ForkJoinTask$AdaptedRunnableAction.exec(ForkJoinTask.java:1361) ~[scala-library-2.11.1.jar:na]
	at scala.concurrent.forkjoin.ForkJoinTask.doExec(ForkJoinTask.java:260) ~[scala-library-2.11.1.jar:na]
	at scala.concurrent.forkjoin.ForkJoinPool$WorkQueue.runTask(ForkJoinPool.java:1339) ~[scala-library-2.11.1.jar:na]
	at scala.concurrent.forkjoin.ForkJoinPool.runWorker(ForkJoinPool.java:1979) ~[scala-library-2.11.1.jar:na]
	at scala.concurrent.forkjoin.ForkJoinWorkerThread.run(ForkJoinWorkerThread.java:107) ~[scala-library-2.11.1.jar:na]

2014-10-22 22:11:25,185 - [ERROR] - from application in New I/O worker #22 


! @6k1aob5kc - Internal server error, for (GET) [/] ->

play.PlayExceptions$CompilationException: Compilation error[Cannot find an implicit ExecutionContext. You might pass
an (implicit ec: ExecutionContext) parameter to your method
or import scala.concurrent.ExecutionContext.Implicits.global.]
	at play.PlayExceptions$CompilationException$.apply(PlayExceptions.scala:27) ~[na:na]
	at play.PlayExceptions$CompilationException$.apply(PlayExceptions.scala:27) ~[na:na]
	at scala.Option.map(Option.scala:145) ~[scala-library-2.11.1.jar:na]
	at play.PlayReloader$$anon$1$$anonfun$play$PlayReloader$$anon$$taskFailureHandler$1.apply(PlayReloader.scala:234) ~[na:na]
	at play.PlayReloader$$anon$1$$anonfun$play$PlayReloader$$anon$$taskFailureHandler$1.apply(PlayReloader.scala:229) ~[na:na]
	at scala.Option.map(Option.scala:145) ~[scala-library-2.11.1.jar:na]
	at play.PlayReloader$$anon$1.play$PlayReloader$$anon$$taskFailureHandler(PlayReloader.scala:229) ~[na:na]
	at play.PlayReloader$$anon$1$$anonfun$reload$2.apply(PlayReloader.scala:89) ~[na:na]
	at play.PlayReloader$$anon$1$$anonfun$reload$2.apply(PlayReloader.scala:89) ~[na:na]
	at scala.util.Either$LeftProjection.map(Either.scala:377) ~[scala-library-2.11.1.jar:na]
	at play.PlayReloader$$anon$1.reload(PlayReloader.scala:89) ~[na:na]
	at play.core.ReloadableApplication$$anonfun$get$1.apply(ApplicationProvider.scala:122) ~[play_2.11-2.3.4.jar:2.3.4]
	at play.core.ReloadableApplication$$anonfun$get$1.apply(ApplicationProvider.scala:120) ~[play_2.11-2.3.4.jar:2.3.4]
	at scala.concurrent.impl.Future$PromiseCompletingRunnable.liftedTree1$1(Future.scala:24) ~[scala-library-2.11.1.jar:na]
	at scala.concurrent.impl.Future$PromiseCompletingRunnable.run(Future.scala:24) ~[scala-library-2.11.1.jar:na]
	at scala.concurrent.forkjoin.ForkJoinTask$AdaptedRunnableAction.exec(ForkJoinTask.java:1361) ~[scala-library-2.11.1.jar:na]
	at scala.concurrent.forkjoin.ForkJoinTask.doExec(ForkJoinTask.java:260) ~[scala-library-2.11.1.jar:na]
	at scala.concurrent.forkjoin.ForkJoinPool$WorkQueue.runTask(ForkJoinPool.java:1339) ~[scala-library-2.11.1.jar:na]
	at scala.concurrent.forkjoin.ForkJoinPool.runWorker(ForkJoinPool.java:1979) ~[scala-library-2.11.1.jar:na]
	at scala.concurrent.forkjoin.ForkJoinWorkerThread.run(ForkJoinWorkerThread.java:107) ~[scala-library-2.11.1.jar:na]

2014-10-22 22:13:59,945 - [INFO] - from play in play-internal-execution-context-6 
Application started (Dev)

2014-10-22 22:18:44,235 - [INFO] - from play in play-internal-execution-context-7 
Application started (Dev)

2014-10-22 22:18:59,183 - [INFO] - from play in play-internal-execution-context-7 
Application started (Dev)

2014-10-22 22:21:22,091 - [INFO] - from play in play-internal-execution-context-8 
Application started (Dev)

2014-10-22 22:24:39,588 - [INFO] - from play in play-internal-execution-context-9 
Application started (Dev)

2014-10-22 22:28:50,623 - [INFO] - from play in play-internal-execution-context-10 
Application started (Dev)

2014-10-22 22:31:01,654 - [INFO] - from play in play-internal-execution-context-11 
Application started (Dev)

